2021-07-30 16:01:30 INFO  MainPageStepImp:26 - LCWaikiki sitesi açıldı
2021-07-30 16:01:31 INFO  MainPageStepImp:34 - Ana sayfanın açıldığı kontrol edilidi
2021-07-30 16:02:45 INFO  MainPageStepImp:26 - LCWaikiki sitesi açıldı
2021-07-30 16:03:48 INFO  MainPageStepImp:26 - LCWaikiki sitesi açıldı
2021-07-30 22:38:23 INFO  MainPageStepImp:26 - hepsi sitesi açıldı
2021-07-30 22:39:59 INFO  MainPageStepImp:26 - hepsi sitesi açıldı
2021-07-30 22:41:46 INFO  MainPageStepImp:26 - hepsi sitesi açıldı
2021-07-30 22:41:46 INFO  MainPageStepImp:35 - Ana sayfanın açıldığı kontrol edilidi
2021-07-30 22:41:46 INFO  MainPageStepImp:44 - Açılan pencereden Gömlek Seçildi
2021-07-30 22:46:47 INFO  MainPageStepImp:26 - hepsi sitesi açıldı
2021-07-30 22:46:47 INFO  MainPageStepImp:35 - Ana sayfanın açıldığı kontrol edilidi
2021-07-30 22:46:47 INFO  MainPageStepImp:47 - Açılan pencereden Gömlek Seçildi
2021-07-30 22:47:13 INFO  MainPageStepImp:26 - hepsi sitesi açıldı
2021-07-30 22:47:13 INFO  MainPageStepImp:35 - Ana sayfanın açıldığı kontrol edilidi
2021-07-30 22:47:14 INFO  MainPageStepImp:47 - Açılan pencereden Gömlek Seçildi
2021-07-30 22:49:19 INFO  MainPageStepImp:26 - hepsi sitesi açıldı
2021-07-30 22:49:19 INFO  MainPageStepImp:35 - Ana sayfanın açıldığı kontrol edilidi
2021-07-30 22:49:20 INFO  MainPageStepImp:47 - Açılan pencereden Gömlek Seçildi
2021-07-31 00:33:59 INFO  MainPageStepImp:30 - hepsi sitesi açıldı
2021-07-31 00:33:59 INFO  MainPageStepImp:39 - Ana sayfanın açıldığı kontrol edilidi
2021-07-31 00:33:59 INFO  MainPageStepImp:50 - Açılan pencereden Gömlek Seçildi
2021-07-31 00:34:04 INFO  MainPageStepImp:30 - hepsi sitesi açıldı
2021-07-31 00:34:04 INFO  MainPageStepImp:39 - Ana sayfanın açıldığı kontrol edilidi
2021-07-31 00:34:04 INFO  MainPageStepImp:50 - Açılan pencereden Gömlek Seçildi
2021-07-31 00:34:09 INFO  MainPageStepImp:30 - hepsi sitesi açıldı
2021-07-31 00:34:09 INFO  MainPageStepImp:39 - Ana sayfanın açıldığı kontrol edilidi
2021-07-31 00:34:09 INFO  MainPageStepImp:50 - Açılan pencereden Gömlek Seçildi
2021-07-31 00:59:29 INFO  MainPageStepImp:30 - hepsi sitesi açıldı
2021-07-31 00:59:29 INFO  MainPageStepImp:39 - Ana sayfanın açıldığı kontrol edilidi
2021-07-31 00:59:29 INFO  MainPageStepImp:50 - Açılan pencereden Gömlek Seçildi
2021-07-31 01:00:39 INFO  MainPageStepImp:30 - hepsi sitesi açıldı
2021-07-31 01:00:39 INFO  MainPageStepImp:39 - Ana sayfanın açıldığı kontrol edilidi
2021-07-31 01:00:39 INFO  MainPageStepImp:50 - Açılan pencereden Gömlek Seçildi
2021-07-31 01:01:57 INFO  MainPageStepImp:30 - hepsi sitesi açıldı
2021-07-31 01:01:57 INFO  MainPageStepImp:39 - Ana sayfanın açıldığı kontrol edilidi
2021-07-31 01:01:57 INFO  MainPageStepImp:50 - Açılan pencereden Gömlek Seçildi
2021-07-31 01:03:48 INFO  MainPageStepImp:30 - hepsi sitesi açıldı
2021-07-31 01:03:48 INFO  MainPageStepImp:39 - Ana sayfanın açıldığı kontrol edilidi
2021-07-31 01:03:48 INFO  MainPageStepImp:50 - Açılan pencereden Gömlek Seçildi
2021-07-31 01:06:25 INFO  MainPageStepImp:30 - hepsi sitesi açıldı
2021-07-31 01:06:25 INFO  MainPageStepImp:39 - Ana sayfanın açıldığı kontrol edilidi
2021-07-31 01:06:25 INFO  MainPageStepImp:50 - Açılan pencereden Gömlek Seçildi
2021-07-31 01:07:30 INFO  MainPageStepImp:30 - hepsi sitesi açıldı
2021-07-31 01:07:30 INFO  MainPageStepImp:39 - Ana sayfanın açıldığı kontrol edilidi
2021-07-31 01:07:31 INFO  MainPageStepImp:50 - Açılan pencereden Gömlek Seçildi
2021-07-31 01:11:03 INFO  MainPageStepImp:30 - hepsi sitesi açıldı
2021-07-31 01:11:03 INFO  MainPageStepImp:39 - Ana sayfanın açıldığı kontrol edilidi
2021-07-31 01:11:03 INFO  MainPageStepImp:50 - Açılan pencereden Gömlek Seçildi
2021-07-31 01:11:48 INFO  MainPageStepImp:30 - hepsi sitesi açıldı
2021-07-31 01:11:48 INFO  MainPageStepImp:39 - Ana sayfanın açıldığı kontrol edilidi
2021-07-31 01:11:49 INFO  MainPageStepImp:50 - Açılan pencereden Gömlek Seçildi
2021-07-31 01:12:41 INFO  MainPageStepImp:30 - hepsi sitesi açıldı
2021-07-31 01:12:41 INFO  MainPageStepImp:39 - Ana sayfanın açıldığı kontrol edilidi
2021-07-31 01:12:41 INFO  MainPageStepImp:50 - Açılan pencereden Gömlek Seçildi
2021-07-31 09:17:35 INFO  MainPageStepImp:30 - hepsi sitesi açıldı
2021-07-31 09:17:35 INFO  MainPageStepImp:39 - Ana sayfanın açıldığı kontrol edilidi
2021-07-31 09:17:35 INFO  MainPageStepImp:50 - Açılan pencereden Gömlek Seçildi
2021-07-31 10:28:23 INFO  MainPageStepImp:30 - hepsi sitesi açıldı
2021-07-31 10:28:23 INFO  MainPageStepImp:39 - Ana sayfanın açıldığı kontrol edilidi
2021-07-31 10:28:23 INFO  MainPageStepImp:50 - Açılan pencereden Gömlek Seçildi
2021-07-31 10:32:01 INFO  MainPageStepImp:30 - hepsi sitesi açıldı
2021-07-31 10:32:01 INFO  MainPageStepImp:39 - Ana sayfanın açıldığı kontrol edilidi
2021-07-31 10:32:02 INFO  MainPageStepImp:50 - Açılan pencereden Gömlek Seçildi
2021-07-31 10:33:02 INFO  MainPageStepImp:30 - hepsi sitesi açıldı
2021-07-31 10:33:02 INFO  MainPageStepImp:39 - Ana sayfanın açıldığı kontrol edilidi
2021-07-31 10:33:02 INFO  MainPageStepImp:50 - Açılan pencereden Gömlek Seçildi
2021-07-31 10:33:38 INFO  MainPageStepImp:30 - hepsi sitesi açıldı
2021-07-31 10:33:38 INFO  MainPageStepImp:39 - Ana sayfanın açıldığı kontrol edilidi
2021-07-31 10:33:39 INFO  MainPageStepImp:50 - Açılan pencereden Gömlek Seçildi
2021-07-31 10:36:24 INFO  MainPageStepImp:30 - hepsi sitesi açıldı
2021-07-31 10:36:24 INFO  MainPageStepImp:39 - Ana sayfanın açıldığı kontrol edilidi
2021-07-31 10:36:24 INFO  MainPageStepImp:50 - Açılan pencereden Gömlek Seçildi
2021-07-31 10:46:00 INFO  MainPageStepImp:30 - hepsi sitesi açıldı
2021-07-31 10:46:01 INFO  MainPageStepImp:39 - Ana sayfanın açıldığı kontrol edilidi
2021-07-31 10:46:01 INFO  MainPageStepImp:50 - Açılan pencereden Gömlek Seçildi
2021-07-31 10:47:42 INFO  MainPageStepImp:30 - hepsi sitesi açıldı
2021-07-31 10:47:42 INFO  MainPageStepImp:39 - Ana sayfanın açıldığı kontrol edilidi
2021-07-31 10:47:43 INFO  MainPageStepImp:50 - Açılan pencereden Gömlek Seçildi
2021-07-31 10:53:48 INFO  MainPageStepImp:30 - hepsi sitesi açıldı
2021-07-31 10:53:48 INFO  MainPageStepImp:39 - Ana sayfanın açıldığı kontrol edilidi
2021-07-31 10:53:48 INFO  MainPageStepImp:50 - Açılan pencereden Gömlek Seçildi
2021-07-31 10:55:06 INFO  MainPageStepImp:30 - hepsi sitesi açıldı
2021-07-31 10:55:06 INFO  MainPageStepImp:39 - Ana sayfanın açıldığı kontrol edilidi
2021-07-31 10:55:07 INFO  MainPageStepImp:50 - Açılan pencereden Gömlek Seçildi
2021-07-31 11:07:28 INFO  MainPageStepImp:30 - hepsi sitesi açıldı
2021-07-31 11:07:28 INFO  MainPageStepImp:39 - Ana sayfanın açıldığı kontrol edilidi
2021-07-31 11:07:29 INFO  MainPageStepImp:50 - Açılan pencereden Gömlek Seçildi
2021-07-31 11:12:31 INFO  MainPageStepImp:30 - hepsi sitesi açıldı
2021-07-31 11:12:31 INFO  MainPageStepImp:39 - Ana sayfanın açıldığı kontrol edilidi
2021-07-31 11:12:31 INFO  MainPageStepImp:50 - Açılan pencereden Gömlek Seçildi
2021-07-31 11:13:19 INFO  MainPageStepImp:30 - hepsi sitesi açıldı
2021-07-31 11:13:19 INFO  MainPageStepImp:39 - Ana sayfanın açıldığı kontrol edilidi
2021-07-31 11:13:23 INFO  MainPageStepImp:50 - Açılan pencereden Gömlek Seçildi
2021-07-31 11:15:04 INFO  MainPageStepImp:30 - hepsi sitesi açıldı
2021-07-31 11:15:04 INFO  MainPageStepImp:39 - Ana sayfanın açıldığı kontrol edilidi
2021-07-31 11:15:05 INFO  MainPageStepImp:50 - Açılan pencereden Gömlek Seçildi
2021-07-31 11:18:39 INFO  MainPageStepImp:30 - hepsi sitesi açıldı
2021-07-31 11:18:39 INFO  MainPageStepImp:39 - Ana sayfanın açıldığı kontrol edilidi
2021-07-31 11:18:39 INFO  MainPageStepImp:50 - Açılan pencereden Gömlek Seçildi
2021-07-31 11:20:05 INFO  MainPageStepImp:30 - hepsi sitesi açıldı
2021-07-31 11:20:05 INFO  MainPageStepImp:39 - Ana sayfanın açıldığı kontrol edilidi
2021-07-31 11:20:05 INFO  MainPageStepImp:50 - Açılan pencereden Gömlek Seçildi
2021-07-31 11:22:04 INFO  MainPageStepImp:30 - hepsi sitesi açıldı
2021-07-31 11:22:04 INFO  MainPageStepImp:39 - Ana sayfanın açıldığı kontrol edilidi
2021-07-31 11:22:04 INFO  MainPageStepImp:50 - Açılan pencereden Gömlek Seçildi
2021-07-31 11:22:44 INFO  MainPageStepImp:30 - hepsi sitesi açıldı
2021-07-31 11:22:44 INFO  MainPageStepImp:39 - Ana sayfanın açıldığı kontrol edilidi
2021-07-31 11:22:45 INFO  MainPageStepImp:50 - Açılan pencereden Gömlek Seçildi
2021-07-31 11:23:22 INFO  MainPageStepImp:30 - hepsi sitesi açıldı
2021-07-31 11:23:22 INFO  MainPageStepImp:39 - Ana sayfanın açıldığı kontrol edilidi
2021-07-31 11:23:22 INFO  MainPageStepImp:50 - Açılan pencereden Gömlek Seçildi
2021-07-31 11:24:02 INFO  MainPageStepImp:30 - hepsi sitesi açıldı
2021-07-31 11:24:02 INFO  MainPageStepImp:39 - Ana sayfanın açıldığı kontrol edilidi
2021-07-31 11:24:02 INFO  MainPageStepImp:50 - Açılan pencereden Gömlek Seçildi
2021-07-31 11:24:33 INFO  MainPageStepImp:30 - hepsi sitesi açıldı
2021-07-31 11:24:33 INFO  MainPageStepImp:39 - Ana sayfanın açıldığı kontrol edilidi
2021-07-31 11:24:33 INFO  MainPageStepImp:50 - Açılan pencereden Gömlek Seçildi
2021-07-31 11:25:15 INFO  MainPageStepImp:30 - hepsi sitesi açıldı
2021-07-31 11:25:15 INFO  MainPageStepImp:39 - Ana sayfanın açıldığı kontrol edilidi
2021-07-31 11:25:15 INFO  MainPageStepImp:50 - Açılan pencereden Gömlek Seçildi
2021-07-31 11:26:12 INFO  MainPageStepImp:30 - hepsi sitesi açıldı
2021-07-31 11:26:12 INFO  MainPageStepImp:39 - Ana sayfanın açıldığı kontrol edilidi
2021-07-31 11:26:12 INFO  MainPageStepImp:50 - Açılan pencereden Gömlek Seçildi
2021-07-31 11:27:15 INFO  MainPageStepImp:30 - hepsi sitesi açıldı
2021-07-31 11:27:15 INFO  MainPageStepImp:39 - Ana sayfanın açıldığı kontrol edilidi
2021-07-31 11:27:15 INFO  MainPageStepImp:50 - Açılan pencereden Gömlek Seçildi
2021-07-31 11:28:03 INFO  MainPageStepImp:30 - hepsi sitesi açıldı
2021-07-31 11:28:03 INFO  MainPageStepImp:39 - Ana sayfanın açıldığı kontrol edilidi
2021-07-31 11:28:03 INFO  MainPageStepImp:50 - Açılan pencereden Gömlek Seçildi
2021-07-31 11:40:06 INFO  MainPageStepImp:30 - hepsi sitesi açıldı
2021-07-31 11:40:06 INFO  MainPageStepImp:39 - Ana sayfanın açıldığı kontrol edilidi
2021-07-31 11:40:07 INFO  MainPageStepImp:50 - Açılan pencereden Gömlek Seçildi
2021-07-31 11:43:22 INFO  MainPageStepImp:30 - hepsi sitesi açıldı
2021-07-31 11:43:22 INFO  MainPageStepImp:39 - Ana sayfanın açıldığı kontrol edilidi
2021-07-31 11:43:22 INFO  MainPageStepImp:50 - Açılan pencereden Gömlek Seçildi
2021-07-31 11:46:29 INFO  MainPageStepImp:30 - hepsi sitesi açıldı
2021-07-31 11:46:29 INFO  MainPageStepImp:39 - Ana sayfanın açıldığı kontrol edilidi
2021-07-31 11:46:29 INFO  MainPageStepImp:50 - Açılan pencereden Gömlek Seçildi
2021-07-31 11:47:26 INFO  MainPageStepImp:30 - hepsi sitesi açıldı
2021-07-31 11:47:26 INFO  MainPageStepImp:39 - Ana sayfanın açıldığı kontrol edilidi
2021-07-31 11:47:27 INFO  MainPageStepImp:50 - Açılan pencereden Gömlek Seçildi
2021-07-31 11:48:06 INFO  MainPageStepImp:30 - hepsi sitesi açıldı
2021-07-31 11:48:06 INFO  MainPageStepImp:39 - Ana sayfanın açıldığı kontrol edilidi
2021-07-31 11:48:06 INFO  MainPageStepImp:50 - Açılan pencereden Gömlek Seçildi
2021-07-31 11:48:38 INFO  MainPageStepImp:30 - hepsi sitesi açıldı
2021-07-31 11:48:38 INFO  MainPageStepImp:39 - Ana sayfanın açıldığı kontrol edilidi
2021-07-31 11:48:39 INFO  MainPageStepImp:50 - Açılan pencereden Gömlek Seçildi
2021-07-31 11:49:52 INFO  MainPageStepImp:30 - hepsi sitesi açıldı
2021-07-31 11:49:52 INFO  MainPageStepImp:39 - Ana sayfanın açıldığı kontrol edilidi
2021-07-31 11:49:52 INFO  MainPageStepImp:50 - Açılan pencereden Gömlek Seçildi
2021-07-31 11:54:54 INFO  MainPageStepImp:30 - hepsi sitesi açıldı
2021-07-31 11:54:55 INFO  MainPageStepImp:39 - Ana sayfanın açıldığı kontrol edilidi
2021-07-31 11:54:55 INFO  MainPageStepImp:50 - Açılan pencereden Gömlek Seçildi
2021-07-31 11:58:03 INFO  MainPageStepImp:30 - hepsi sitesi açıldı
2021-07-31 11:58:03 INFO  MainPageStepImp:39 - Ana sayfanın açıldığı kontrol edilidi
2021-07-31 11:58:03 INFO  MainPageStepImp:50 - Açılan pencereden Gömlek Seçildi
2021-07-31 12:02:21 INFO  MainPageStepImp:30 - hepsi sitesi açıldı
2021-07-31 12:02:21 INFO  MainPageStepImp:39 - Ana sayfanın açıldığı kontrol edilidi
2021-07-31 12:02:21 INFO  MainPageStepImp:50 - Açılan pencereden Gömlek Seçildi
2021-07-31 12:03:04 INFO  MainPageStepImp:30 - hepsi sitesi açıldı
2021-07-31 12:03:04 INFO  MainPageStepImp:39 - Ana sayfanın açıldığı kontrol edilidi
2021-07-31 12:03:04 INFO  MainPageStepImp:50 - Açılan pencereden Gömlek Seçildi
2021-07-31 12:03:43 INFO  MainPageStepImp:30 - hepsi sitesi açıldı
2021-07-31 12:03:43 INFO  MainPageStepImp:39 - Ana sayfanın açıldığı kontrol edilidi
2021-07-31 12:03:44 INFO  MainPageStepImp:50 - Açılan pencereden Gömlek Seçildi
2021-07-31 12:04:38 INFO  MainPageStepImp:30 - hepsi sitesi açıldı
2021-07-31 12:04:38 INFO  MainPageStepImp:39 - Ana sayfanın açıldığı kontrol edilidi
2021-07-31 12:04:38 INFO  MainPageStepImp:50 - Açılan pencereden Gömlek Seçildi
2021-07-31 12:06:42 INFO  MainPageStepImp:30 - hepsi sitesi açıldı
2021-07-31 12:06:42 INFO  MainPageStepImp:39 - Ana sayfanın açıldığı kontrol edilidi
2021-07-31 12:06:43 INFO  MainPageStepImp:50 - Açılan pencereden Gömlek Seçildi
2021-07-31 12:07:26 INFO  MainPageStepImp:30 - hepsi sitesi açıldı
2021-07-31 12:07:26 INFO  MainPageStepImp:39 - Ana sayfanın açıldığı kontrol edilidi
2021-07-31 12:07:27 INFO  MainPageStepImp:50 - Açılan pencereden Gömlek Seçildi
2021-07-31 12:09:24 INFO  MainPageStepImp:30 - hepsi sitesi açıldı
2021-07-31 12:09:24 INFO  MainPageStepImp:39 - Ana sayfanın açıldığı kontrol edilidi
2021-07-31 12:09:24 INFO  MainPageStepImp:50 - Açılan pencereden Gömlek Seçildi
2021-07-31 12:11:08 INFO  MainPageStepImp:30 - hepsi sitesi açıldı
2021-07-31 12:11:08 INFO  MainPageStepImp:39 - Ana sayfanın açıldığı kontrol edilidi
2021-07-31 12:11:08 INFO  MainPageStepImp:50 - Açılan pencereden Gömlek Seçildi
2021-07-31 12:26:23 INFO  MainPageStepImp:30 - hepsi sitesi açıldı
2021-07-31 12:26:23 INFO  MainPageStepImp:39 - Ana sayfanın açıldığı kontrol edilidi
2021-07-31 12:26:23 INFO  MainPageStepImp:50 - Açılan pencereden Gömlek Seçildi
2021-07-31 12:28:25 INFO  MainPageStepImp:30 - hepsi sitesi açıldı
2021-07-31 12:28:26 INFO  MainPageStepImp:39 - Ana sayfanın açıldığı kontrol edilidi
2021-07-31 12:28:26 INFO  MainPageStepImp:50 - Açılan pencereden Gömlek Seçildi
2021-07-31 12:29:36 INFO  MainPageStepImp:30 - hepsi sitesi açıldı
2021-07-31 12:29:36 INFO  MainPageStepImp:39 - Ana sayfanın açıldığı kontrol edilidi
2021-07-31 12:29:36 INFO  MainPageStepImp:50 - Açılan pencereden Gömlek Seçildi
2021-07-31 12:37:09 INFO  MainPageStepImp:30 - hepsi sitesi açıldı
2021-07-31 12:37:09 INFO  MainPageStepImp:39 - Ana sayfanın açıldığı kontrol edilidi
2021-07-31 12:37:09 INFO  MainPageStepImp:50 - Açılan pencereden Gömlek Seçildi
2021-07-31 12:38:46 INFO  MainPageStepImp:30 - hepsi sitesi açıldı
2021-07-31 12:38:46 INFO  MainPageStepImp:39 - Ana sayfanın açıldığı kontrol edilidi
2021-07-31 12:38:46 INFO  MainPageStepImp:50 - Açılan pencereden Gömlek Seçildi
2021-07-31 12:39:42 INFO  MainPageStepImp:30 - hepsi sitesi açıldı
2021-07-31 12:39:42 INFO  MainPageStepImp:39 - Ana sayfanın açıldığı kontrol edilidi
2021-07-31 12:39:42 INFO  MainPageStepImp:50 - Açılan pencereden Gömlek Seçildi
2021-07-31 12:40:29 INFO  MainPageStepImp:30 - hepsi sitesi açıldı
2021-07-31 12:40:30 INFO  MainPageStepImp:39 - Ana sayfanın açıldığı kontrol edilidi
2021-07-31 12:40:30 INFO  MainPageStepImp:50 - Açılan pencereden Gömlek Seçildi
2021-07-31 12:41:21 INFO  MainPageStepImp:30 - hepsi sitesi açıldı
2021-07-31 12:41:21 INFO  MainPageStepImp:39 - Ana sayfanın açıldığı kontrol edilidi
2021-07-31 12:41:21 INFO  MainPageStepImp:50 - Açılan pencereden Gömlek Seçildi
2021-07-31 12:42:09 INFO  MainPageStepImp:30 - hepsi sitesi açıldı
2021-07-31 12:42:09 INFO  MainPageStepImp:39 - Ana sayfanın açıldığı kontrol edilidi
2021-07-31 12:42:10 INFO  MainPageStepImp:50 - Açılan pencereden Gömlek Seçildi
2021-07-31 12:52:36 INFO  MainPageStepImp:31 - hepsi sitesi açıldı
2021-07-31 12:52:36 INFO  MainPageStepImp:40 - Ana sayfanın açıldığı kontrol edilidi
2021-07-31 12:52:37 INFO  MainPageStepImp:51 - Açılan pencereden Gömlek Seçildi
2021-07-31 12:53:49 INFO  MainPageStepImp:31 - hepsi sitesi açıldı
2021-07-31 12:53:49 INFO  MainPageStepImp:40 - Ana sayfanın açıldığı kontrol edilidi
2021-07-31 12:53:50 INFO  MainPageStepImp:51 - Açılan pencereden Gömlek Seçildi
2021-07-31 12:58:56 INFO  MainPageStepImp:31 - hepsi sitesi açıldı
2021-07-31 12:58:56 INFO  MainPageStepImp:40 - Ana sayfanın açıldığı kontrol edilidi
2021-07-31 12:58:56 INFO  MainPageStepImp:51 - Açılan pencereden Gömlek Seçildi
2021-07-31 13:01:22 INFO  MainPageStepImp:31 - hepsi sitesi açıldı
2021-07-31 13:01:22 INFO  MainPageStepImp:40 - Ana sayfanın açıldığı kontrol edilidi
2021-07-31 13:01:22 INFO  MainPageStepImp:51 - Açılan pencereden Gömlek Seçildi
2021-07-31 13:02:19 INFO  MainPageStepImp:31 - hepsi sitesi açıldı
2021-07-31 13:02:19 INFO  MainPageStepImp:40 - Ana sayfanın açıldığı kontrol edilidi
2021-07-31 13:02:19 INFO  MainPageStepImp:51 - Açılan pencereden Gömlek Seçildi
2021-07-31 13:08:12 INFO  MainPageStepImp:31 - hepsi sitesi açıldı
2021-07-31 13:08:12 INFO  MainPageStepImp:40 - Ana sayfanın açıldığı kontrol edilidi
2021-07-31 13:08:12 INFO  MainPageStepImp:51 - Açılan pencereden Gömlek Seçildi
2021-07-31 13:11:06 INFO  MainPageStepImp:31 - hepsi sitesi açıldı
2021-07-31 13:11:06 INFO  MainPageStepImp:40 - Ana sayfanın açıldığı kontrol edilidi
2021-07-31 13:11:06 INFO  MainPageStepImp:51 - Açılan pencereden Gömlek Seçildi
2021-07-31 13:12:30 INFO  MainPageStepImp:31 - hepsi sitesi açıldı
2021-07-31 13:12:30 INFO  MainPageStepImp:40 - Ana sayfanın açıldığı kontrol edilidi
2021-07-31 13:12:30 INFO  MainPageStepImp:51 - Açılan pencereden Gömlek Seçildi
2021-07-31 14:17:43 INFO  MainPageStepImp:29 - hepsi sitesi açıldı
2021-07-31 14:17:43 INFO  MainPageStepImp:38 - Ana sayfanın açıldığı kontrol edilidi
2021-07-31 14:17:43 INFO  MainPageStepImp:49 - Açılan pencereden Gömlek Seçildi
2021-07-31 14:19:10 INFO  MainPageStepImp:29 - hepsi sitesi açıldı
2021-07-31 14:19:10 INFO  MainPageStepImp:38 - Ana sayfanın açıldığı kontrol edilidi
2021-07-31 14:19:10 INFO  MainPageStepImp:49 - Açılan pencereden Gömlek Seçildi
2021-07-31 14:19:50 INFO  MainPageStepImp:29 - hepsi sitesi açıldı
2021-07-31 14:19:50 INFO  MainPageStepImp:38 - Ana sayfanın açıldığı kontrol edilidi
2021-07-31 14:19:50 INFO  MainPageStepImp:49 - Açılan pencereden Gömlek Seçildi
2021-07-31 14:23:33 INFO  MainPageStepImp:29 - hepsi sitesi açıldı
2021-07-31 14:23:33 INFO  MainPageStepImp:38 - Ana sayfanın açıldığı kontrol edilidi
2021-07-31 14:23:33 INFO  MainPageStepImp:49 - Açılan pencereden Gömlek Seçildi
2021-07-31 14:24:20 INFO  MainPageStepImp:29 - hepsi sitesi açıldı
2021-07-31 14:24:20 INFO  MainPageStepImp:38 - Ana sayfanın açıldığı kontrol edilidi
2021-07-31 14:24:20 INFO  MainPageStepImp:49 - Açılan pencereden Gömlek Seçildi
2021-07-31 14:35:47 INFO  MainPageStepImp:29 - hepsi sitesi açıldı
2021-07-31 14:35:47 INFO  MainPageStepImp:38 - Ana sayfanın açıldığı kontrol edilidi
2021-07-31 14:35:47 INFO  MainPageStepImp:49 - Açılan pencereden Gömlek Seçildi
2021-07-31 15:21:27 INFO  MainPageStepImp:30 - hepsi sitesi açıldı
2021-07-31 15:21:27 INFO  MainPageStepImp:39 - Ana sayfanın açıldığı kontrol edilidi
2021-07-31 15:21:27 INFO  MainPageStepImp:50 - Açılan pencereden Gömlek Seçildi
2021-07-31 15:22:09 INFO  MainPageStepImp:30 - hepsi sitesi açıldı
2021-07-31 15:22:09 INFO  MainPageStepImp:39 - Ana sayfanın açıldığı kontrol edilidi
2021-07-31 15:22:09 INFO  MainPageStepImp:50 - Açılan pencereden Gömlek Seçildi
2021-07-31 17:16:16 INFO  MainPageStepImp:33 - hepsi sitesi açıldı
2021-07-31 17:16:16 INFO  MainPageStepImp:42 - Ana sayfanın açıldığı kontrol edilidi
2021-07-31 17:16:16 INFO  MainPageStepImp:53 - Açılan pencereden Gömlek Seçildi
2021-07-31 17:16:39 INFO  MainPageStepImp:33 - hepsi sitesi açıldı
2021-07-31 17:16:39 INFO  MainPageStepImp:42 - Ana sayfanın açıldığı kontrol edilidi
2021-07-31 17:16:39 INFO  MainPageStepImp:53 - Açılan pencereden Gömlek Seçildi
2021-07-31 17:31:49 INFO  MainPageStepImp:32 - hepsi sitesi açıldı
2021-07-31 17:31:49 INFO  MainPageStepImp:41 - Ana sayfanın açıldığı kontrol edilidi
2021-07-31 17:31:49 INFO  MainPageStepImp:52 - Açılan pencereden Gömlek Seçildi
2021-07-31 17:47:25 INFO  MainPageStepImp:32 - hepsi sitesi açıldı
2021-07-31 17:47:25 INFO  MainPageStepImp:41 - Ana sayfanın açıldığı kontrol edilidi
2021-07-31 17:47:25 INFO  MainPageStepImp:52 - Açılan pencereden Gömlek Seçildi
2021-07-31 17:54:10 INFO  MainPageStepImp:32 - hepsi sitesi açıldı
2021-07-31 17:54:10 INFO  MainPageStepImp:41 - Ana sayfanın açıldığı kontrol edilidi
2021-07-31 17:54:10 INFO  MainPageStepImp:52 - Açılan pencereden Gömlek Seçildi
2021-07-31 17:57:06 INFO  MainPageStepImp:34 - hepsi sitesi açıldı
2021-07-31 17:57:06 INFO  MainPageStepImp:43 - Ana sayfanın açıldığı kontrol edilidi
2021-07-31 17:57:06 INFO  MainPageStepImp:54 - Açılan pencereden Gömlek Seçildi
2021-07-31 17:57:44 INFO  MainPageStepImp:34 - hepsi sitesi açıldı
2021-07-31 17:57:44 INFO  MainPageStepImp:43 - Ana sayfanın açıldığı kontrol edilidi
2021-07-31 17:57:44 INFO  MainPageStepImp:54 - Açılan pencereden Gömlek Seçildi
2021-07-31 17:59:04 INFO  MainPageStepImp:32 - hepsi sitesi açıldı
2021-07-31 17:59:04 INFO  MainPageStepImp:41 - Ana sayfanın açıldığı kontrol edilidi
2021-07-31 17:59:04 INFO  MainPageStepImp:52 - Açılan pencereden Gömlek Seçildi
2021-07-31 18:00:55 INFO  MainPageStepImp:32 - hepsi sitesi açıldı
2021-07-31 18:00:55 INFO  MainPageStepImp:41 - Ana sayfanın açıldığı kontrol edilidi
2021-07-31 18:00:55 INFO  MainPageStepImp:52 - Açılan pencereden Gömlek Seçildi
2021-07-31 18:02:31 INFO  MainPageStepImp:33 - hepsi sitesi açıldı
2021-07-31 18:02:31 INFO  MainPageStepImp:42 - Ana sayfanın açıldığı kontrol edilidi
2021-07-31 18:02:31 INFO  MainPageStepImp:53 - Açılan pencereden Gömlek Seçildi
2021-07-31 18:04:00 INFO  MainPageStepImp:33 - hepsi sitesi açıldı
2021-07-31 18:04:00 INFO  MainPageStepImp:42 - Ana sayfanın açıldığı kontrol edilidi
2021-07-31 18:04:01 INFO  MainPageStepImp:53 - Açılan pencereden Gömlek Seçildi
2021-07-31 18:04:44 INFO  MainPageStepImp:33 - hepsi sitesi açıldı
2021-07-31 18:04:44 INFO  MainPageStepImp:42 - Ana sayfanın açıldığı kontrol edilidi
2021-07-31 18:04:45 INFO  MainPageStepImp:53 - Açılan pencereden Gömlek Seçildi
2021-07-31 18:05:19 INFO  MainPageStepImp:33 - hepsi sitesi açıldı
2021-07-31 18:05:19 INFO  MainPageStepImp:42 - Ana sayfanın açıldığı kontrol edilidi
2021-07-31 18:05:19 INFO  MainPageStepImp:53 - Açılan pencereden Gömlek Seçildi
2021-07-31 18:05:53 INFO  MainPageStepImp:33 - hepsi sitesi açıldı
2021-07-31 18:05:53 INFO  MainPageStepImp:42 - Ana sayfanın açıldığı kontrol edilidi
2021-07-31 18:05:53 INFO  MainPageStepImp:53 - Açılan pencereden Gömlek Seçildi
2021-07-31 19:02:22 INFO  MainPageStepImp:33 - hepsi sitesi açıldı
2021-07-31 19:02:22 INFO  MainPageStepImp:42 - Ana sayfanın açıldığı kontrol edilidi
2021-07-31 19:02:22 INFO  MainPageStepImp:53 - Açılan pencereden Gömlek Seçildi
2021-07-31 19:21:51 INFO  SatılıkStepImp:32 - hepsi sitesi açıldı
2021-07-31 19:21:51 INFO  SatılıkStepImp:41 - Ana sayfanın açıldığı kontrol edilidi
2021-07-31 19:21:51 INFO  SatılıkStepImp:52 - Açılan pencereden Gömlek Seçildi
2021-07-31 19:22:36 INFO  SatılıkStepImp:32 - hepsi sitesi açıldı
2021-07-31 19:22:36 INFO  SatılıkStepImp:41 - Ana sayfanın açıldığı kontrol edilidi
2021-07-31 19:22:37 INFO  SatılıkStepImp:52 - Açılan pencereden Gömlek Seçildi
2021-07-31 19:24:15 INFO  SatılıkStepImp:33 - hepsi sitesi açıldı
2021-07-31 19:24:15 INFO  SatılıkStepImp:42 - Ana sayfanın açıldığı kontrol edilidi
2021-07-31 19:24:55 INFO  SatılıkStepImp:33 - hepsi sitesi açıldı
2021-07-31 19:24:55 INFO  SatılıkStepImp:42 - Ana sayfanın açıldığı kontrol edilidi
2021-07-31 21:18:50 INFO  SatılıkStepImp:33 - hepsi sitesi açıldı
2021-07-31 21:18:50 INFO  SatılıkStepImp:42 - Ana sayfanın açıldığı kontrol edilidi
2021-07-31 21:19:30 INFO  SatılıkStepImp:33 - hepsi sitesi açıldı
2021-07-31 21:19:30 INFO  SatılıkStepImp:42 - Ana sayfanın açıldığı kontrol edilidi
2021-07-31 21:19:30 INFO  SatılıkStepImp:53 - Açılan pencereden Gömlek Seçildi
2021-07-31 21:19:58 INFO  SatılıkStepImp:33 - hepsi sitesi açıldı
2021-07-31 21:19:58 INFO  SatılıkStepImp:42 - Ana sayfanın açıldığı kontrol edilidi
2021-07-31 21:19:59 INFO  SatılıkStepImp:53 - Açılan pencereden Gömlek Seçildi
2021-07-31 21:20:48 INFO  SatılıkStepImp:33 - hepsi sitesi açıldı
2021-07-31 21:20:48 INFO  SatılıkStepImp:42 - Ana sayfanın açıldığı kontrol edilidi
2021-07-31 21:20:48 INFO  SatılıkStepImp:53 - Açılan pencereden Gömlek Seçildi
2021-07-31 21:26:01 INFO  KiralikStepImp:25 - hepsi sitesi açıldı
2021-07-31 21:26:01 INFO  KiralikStepImp:34 - Ana sayfanın açıldığı kontrol edilidi
2021-07-31 21:26:01 INFO  KiralikStepImp:47 - Açılan pencereden Gömlek Seçildi
2021-07-31 22:14:28 INFO  SatılıkStepImp:33 - hepsi sitesi açıldı
2021-07-31 22:14:28 INFO  SatılıkStepImp:42 - Ana sayfanın açıldığı kontrol edilidi
2021-07-31 22:14:28 INFO  SatılıkStepImp:53 - Açılan pencereden Gömlek Seçildi
2021-07-31 22:16:11 INFO  SatılıkStepImp:33 - hepsi sitesi açıldı
2021-07-31 22:16:11 INFO  SatılıkStepImp:42 - Ana sayfanın açıldığı kontrol edilidi
2021-07-31 22:16:12 INFO  SatılıkStepImp:53 - Açılan pencereden Gömlek Seçildi
2021-07-31 22:19:18 INFO  SatılıkStepImp:33 - hepsi sitesi açıldı
2021-07-31 22:19:18 INFO  SatılıkStepImp:42 - Ana sayfanın açıldığı kontrol edilidi
2021-07-31 22:19:18 INFO  SatılıkStepImp:53 - Açılan pencereden Gömlek Seçildi
2021-07-31 22:19:43 INFO  SatılıkStepImp:33 - hepsi sitesi açıldı
2021-07-31 22:19:43 INFO  SatılıkStepImp:42 - Ana sayfanın açıldığı kontrol edilidi
2021-07-31 22:19:43 INFO  SatılıkStepImp:53 - Açılan pencereden Gömlek Seçildi
2021-07-31 22:21:25 INFO  SatılıkStepImp:33 - hepsi sitesi açıldı
2021-07-31 22:21:25 INFO  SatılıkStepImp:42 - Ana sayfanın açıldığı kontrol edilidi
2021-07-31 22:21:25 INFO  SatılıkStepImp:53 - Açılan pencereden Gömlek Seçildi
2021-07-31 22:25:29 INFO  SatılıkStepImp:33 - hepsi sitesi açıldı
2021-07-31 22:25:29 INFO  SatılıkStepImp:42 - Ana sayfanın açıldığı kontrol edilidi
2021-07-31 22:25:29 INFO  SatılıkStepImp:53 - Açılan pencereden Gömlek Seçildi
2021-07-31 22:42:40 INFO  SatılıkStepImp:35 - hepsi sitesi açıldı
2021-07-31 22:42:40 INFO  SatılıkStepImp:44 - Ana sayfanın açıldığı kontrol edilidi
2021-07-31 22:42:40 INFO  SatılıkStepImp:55 - Açılan pencereden Gömlek Seçildi
2021-07-31 22:43:34 INFO  SatılıkStepImp:35 - hepsi sitesi açıldı
2021-07-31 22:43:34 INFO  SatılıkStepImp:44 - Ana sayfanın açıldığı kontrol edilidi
2021-07-31 22:43:34 INFO  SatılıkStepImp:55 - Açılan pencereden Gömlek Seçildi
2021-07-31 23:04:25 INFO  KiralikStepImp:31 - hepsi sitesi açıldı
2021-07-31 23:04:25 INFO  KiralikStepImp:40 - Ana sayfanın açıldığı kontrol edilidi
2021-07-31 23:04:25 INFO  KiralikStepImp:51 - Açılan pencereden Gömlek Seçildi
2021-07-31 23:08:04 INFO  KiralikStepImp:31 - hepsi sitesi açıldı
2021-07-31 23:08:04 INFO  KiralikStepImp:40 - Ana sayfanın açıldığı kontrol edilidi
2021-07-31 23:08:04 INFO  KiralikStepImp:51 - Açılan pencereden Gömlek Seçildi
2021-07-31 23:08:35 INFO  KiralikStepImp:31 - hepsi sitesi açıldı
2021-07-31 23:08:35 INFO  KiralikStepImp:40 - Ana sayfanın açıldığı kontrol edilidi
2021-07-31 23:08:35 INFO  KiralikStepImp:51 - Açılan pencereden Gömlek Seçildi
2021-07-31 23:14:25 INFO  KiralikStepImp:31 - hepsi sitesi açıldı
2021-07-31 23:14:25 INFO  KiralikStepImp:40 - Ana sayfanın açıldığı kontrol edilidi
2021-07-31 23:14:26 INFO  KiralikStepImp:51 - Açılan pencereden Gömlek Seçildi
2021-07-31 23:31:13 INFO  KiralikStepImp:31 - hepsi sitesi açıldı
2021-07-31 23:31:13 INFO  KiralikStepImp:40 - Ana sayfanın açıldığı kontrol edilidi
2021-07-31 23:31:13 INFO  KiralikStepImp:51 - Açılan pencereden Gömlek Seçildi
2021-07-31 23:33:08 INFO  KiralikStepImp:31 - hepsi sitesi açıldı
2021-07-31 23:33:08 INFO  KiralikStepImp:40 - Ana sayfanın açıldığı kontrol edilidi
2021-07-31 23:33:08 INFO  KiralikStepImp:51 - Açılan pencereden Gömlek Seçildi
2021-07-31 23:43:05 INFO  KiralikStepImp:31 - hepsi sitesi açıldı
2021-07-31 23:43:05 INFO  KiralikStepImp:40 - Ana sayfanın açıldığı kontrol edilidi
2021-07-31 23:43:05 INFO  KiralikStepImp:51 - Açılan pencereden Gömlek Seçildi
2021-07-31 23:43:56 INFO  KiralikStepImp:31 - hepsi sitesi açıldı
2021-07-31 23:43:56 INFO  KiralikStepImp:40 - Ana sayfanın açıldığı kontrol edilidi
2021-07-31 23:43:56 INFO  KiralikStepImp:51 - Açılan pencereden Gömlek Seçildi
2021-07-31 23:44:26 INFO  KiralikStepImp:31 - hepsi sitesi açıldı
2021-07-31 23:44:26 INFO  KiralikStepImp:40 - Ana sayfanın açıldığı kontrol edilidi
2021-07-31 23:44:26 INFO  KiralikStepImp:51 - Açılan pencereden Gömlek Seçildi
2021-07-31 23:45:08 INFO  KiralikStepImp:31 - hepsi sitesi açıldı
2021-07-31 23:45:08 INFO  KiralikStepImp:40 - Ana sayfanın açıldığı kontrol edilidi
2021-07-31 23:45:09 INFO  KiralikStepImp:51 - Açılan pencereden Gömlek Seçildi
2021-07-31 23:46:54 INFO  KiralikStepImp:31 - hepsi sitesi açıldı
2021-07-31 23:46:54 INFO  KiralikStepImp:40 - Ana sayfanın açıldığı kontrol edilidi
2021-07-31 23:46:54 INFO  KiralikStepImp:51 - Açılan pencereden Gömlek Seçildi
2021-07-31 23:48:09 INFO  KiralikStepImp:31 - hepsi sitesi açıldı
2021-07-31 23:48:09 INFO  KiralikStepImp:40 - Ana sayfanın açıldığı kontrol edilidi
2021-07-31 23:48:10 INFO  KiralikStepImp:51 - Açılan pencereden Gömlek Seçildi
2021-07-31 23:50:49 INFO  KiralikStepImp:31 - hepsi sitesi açıldı
2021-07-31 23:50:49 INFO  KiralikStepImp:40 - Ana sayfanın açıldığı kontrol edilidi
2021-07-31 23:50:50 INFO  KiralikStepImp:51 - Açılan pencereden Gömlek Seçildi
2021-07-31 23:52:12 INFO  KiralikStepImp:31 - hepsi sitesi açıldı
2021-07-31 23:52:12 INFO  KiralikStepImp:40 - Ana sayfanın açıldığı kontrol edilidi
2021-07-31 23:52:12 INFO  KiralikStepImp:51 - Açılan pencereden Gömlek Seçildi
2021-07-31 23:53:42 INFO  KiralikStepImp:31 - hepsi sitesi açıldı
2021-07-31 23:53:43 INFO  KiralikStepImp:40 - Ana sayfanın açıldığı kontrol edilidi
2021-07-31 23:53:43 INFO  KiralikStepImp:51 - Açılan pencereden Gömlek Seçildi
2021-07-31 23:54:58 INFO  KiralikStepImp:31 - hepsi sitesi açıldı
2021-07-31 23:54:58 INFO  KiralikStepImp:40 - Ana sayfanın açıldığı kontrol edilidi
2021-07-31 23:54:58 INFO  KiralikStepImp:51 - Açılan pencereden Gömlek Seçildi
2021-07-31 23:56:14 INFO  KiralikStepImp:31 - hepsi sitesi açıldı
2021-07-31 23:56:14 INFO  KiralikStepImp:40 - Ana sayfanın açıldığı kontrol edilidi
2021-07-31 23:56:14 INFO  KiralikStepImp:51 - Açılan pencereden Gömlek Seçildi
2021-07-31 23:58:21 INFO  KiralikStepImp:31 - hepsi sitesi açıldı
2021-07-31 23:58:21 INFO  KiralikStepImp:40 - Ana sayfanın açıldığı kontrol edilidi
2021-07-31 23:58:21 INFO  KiralikStepImp:51 - Açılan pencereden Gömlek Seçildi
2021-07-31 23:59:06 INFO  KiralikStepImp:31 - hepsi sitesi açıldı
2021-07-31 23:59:06 INFO  KiralikStepImp:40 - Ana sayfanın açıldığı kontrol edilidi
2021-07-31 23:59:06 INFO  KiralikStepImp:51 - Açılan pencereden Gömlek Seçildi
2021-07-31 23:59:59 INFO  KiralikStepImp:31 - hepsi sitesi açıldı
2021-07-31 23:59:59 INFO  KiralikStepImp:40 - Ana sayfanın açıldığı kontrol edilidi
2021-07-31 23:59:59 INFO  KiralikStepImp:51 - Açılan pencereden Gömlek Seçildi
2021-08-01 00:05:59 INFO  KiralikStepImp:31 - hepsi sitesi açıldı
2021-08-01 00:05:59 INFO  KiralikStepImp:40 - Ana sayfanın açıldığı kontrol edilidi
2021-08-01 00:06:00 INFO  KiralikStepImp:51 - Açılan pencereden Gömlek Seçildi
2021-08-01 00:06:51 INFO  KiralikStepImp:31 - hepsi sitesi açıldı
2021-08-01 00:06:51 INFO  KiralikStepImp:40 - Ana sayfanın açıldığı kontrol edilidi
2021-08-01 00:06:51 INFO  KiralikStepImp:51 - Açılan pencereden Gömlek Seçildi
2021-08-01 00:07:55 INFO  KiralikStepImp:31 - hepsi sitesi açıldı
2021-08-01 00:07:55 INFO  KiralikStepImp:40 - Ana sayfanın açıldığı kontrol edilidi
2021-08-01 00:07:55 INFO  KiralikStepImp:51 - Açılan pencereden Gömlek Seçildi
2021-08-01 00:08:32 INFO  KiralikStepImp:31 - hepsi sitesi açıldı
2021-08-01 00:08:32 INFO  KiralikStepImp:40 - Ana sayfanın açıldığı kontrol edilidi
2021-08-01 00:08:32 INFO  KiralikStepImp:51 - Açılan pencereden Gömlek Seçildi
2021-08-01 00:09:50 INFO  KiralikStepImp:31 - hepsi sitesi açıldı
2021-08-01 00:09:50 INFO  KiralikStepImp:40 - Ana sayfanın açıldığı kontrol edilidi
2021-08-01 00:09:50 INFO  KiralikStepImp:51 - Açılan pencereden Gömlek Seçildi
2021-08-01 00:10:41 INFO  KiralikStepImp:31 - hepsi sitesi açıldı
2021-08-01 00:10:41 INFO  KiralikStepImp:40 - Ana sayfanın açıldığı kontrol edilidi
2021-08-01 00:10:41 INFO  KiralikStepImp:51 - Açılan pencereden Gömlek Seçildi
2021-08-01 00:11:17 INFO  KiralikStepImp:31 - hepsi sitesi açıldı
2021-08-01 00:11:17 INFO  KiralikStepImp:40 - Ana sayfanın açıldığı kontrol edilidi
2021-08-01 00:11:17 INFO  KiralikStepImp:51 - Açılan pencereden Gömlek Seçildi
2021-08-01 00:12:12 INFO  KiralikStepImp:31 - hepsi sitesi açıldı
2021-08-01 00:12:12 INFO  KiralikStepImp:40 - Ana sayfanın açıldığı kontrol edilidi
2021-08-01 00:12:12 INFO  KiralikStepImp:51 - Açılan pencereden Gömlek Seçildi
2021-08-01 00:12:57 INFO  KiralikStepImp:31 - hepsi sitesi açıldı
2021-08-01 00:12:57 INFO  KiralikStepImp:40 - Ana sayfanın açıldığı kontrol edilidi
2021-08-01 00:12:57 INFO  KiralikStepImp:51 - Açılan pencereden Gömlek Seçildi
2021-08-01 00:14:26 INFO  KiralikStepImp:31 - hepsi sitesi açıldı
2021-08-01 00:14:26 INFO  KiralikStepImp:40 - Ana sayfanın açıldığı kontrol edilidi
2021-08-01 00:14:26 INFO  KiralikStepImp:51 - Açılan pencereden Gömlek Seçildi
2021-08-01 00:15:58 INFO  KiralikStepImp:31 - hepsi sitesi açıldı
2021-08-01 00:15:58 INFO  KiralikStepImp:40 - Ana sayfanın açıldığı kontrol edilidi
2021-08-01 00:15:58 INFO  KiralikStepImp:51 - Açılan pencereden Gömlek Seçildi
2021-08-01 00:17:10 INFO  KiralikStepImp:31 - hepsi sitesi açıldı
2021-08-01 00:17:10 INFO  KiralikStepImp:40 - Ana sayfanın açıldığı kontrol edilidi
2021-08-01 00:17:10 INFO  KiralikStepImp:51 - Açılan pencereden Gömlek Seçildi
2021-08-01 00:18:06 INFO  KiralikStepImp:31 - hepsi sitesi açıldı
2021-08-01 00:18:06 INFO  KiralikStepImp:40 - Ana sayfanın açıldığı kontrol edilidi
2021-08-01 00:18:06 INFO  KiralikStepImp:51 - Açılan pencereden Gömlek Seçildi
2021-08-01 00:19:10 INFO  KiralikStepImp:31 - hepsi sitesi açıldı
2021-08-01 00:19:10 INFO  KiralikStepImp:40 - Ana sayfanın açıldığı kontrol edilidi
2021-08-01 00:19:11 INFO  KiralikStepImp:51 - Açılan pencereden Gömlek Seçildi
2021-08-01 00:20:08 INFO  KiralikStepImp:31 - hepsi sitesi açıldı
2021-08-01 00:20:08 INFO  KiralikStepImp:40 - Ana sayfanın açıldığı kontrol edilidi
2021-08-01 00:20:09 INFO  KiralikStepImp:51 - Açılan pencereden Gömlek Seçildi
2021-08-01 00:20:45 INFO  KiralikStepImp:31 - hepsi sitesi açıldı
2021-08-01 00:20:45 INFO  KiralikStepImp:40 - Ana sayfanın açıldığı kontrol edilidi
2021-08-01 00:20:46 INFO  KiralikStepImp:51 - Açılan pencereden Gömlek Seçildi
2021-08-01 00:21:50 INFO  KiralikStepImp:31 - hepsi sitesi açıldı
2021-08-01 00:21:50 INFO  KiralikStepImp:40 - Ana sayfanın açıldığı kontrol edilidi
2021-08-01 00:21:50 INFO  KiralikStepImp:51 - Açılan pencereden Gömlek Seçildi
2021-08-01 00:22:35 INFO  KiralikStepImp:31 - hepsi sitesi açıldı
2021-08-01 00:22:35 INFO  KiralikStepImp:40 - Ana sayfanın açıldığı kontrol edilidi
2021-08-01 00:22:36 INFO  KiralikStepImp:51 - Açılan pencereden Gömlek Seçildi
2021-08-01 00:23:15 INFO  KiralikStepImp:31 - hepsi sitesi açıldı
2021-08-01 00:23:15 INFO  KiralikStepImp:40 - Ana sayfanın açıldığı kontrol edilidi
2021-08-01 00:23:15 INFO  KiralikStepImp:51 - Açılan pencereden Gömlek Seçildi
2021-08-01 00:31:42 INFO  KiralikStepImp:31 - hepsi sitesi açıldı
2021-08-01 00:31:42 INFO  KiralikStepImp:40 - Ana sayfanın açıldığı kontrol edilidi
2021-08-01 00:31:42 INFO  KiralikStepImp:51 - Açılan pencereden Gömlek Seçildi
2021-08-01 00:32:14 INFO  KiralikStepImp:31 - hepsi sitesi açıldı
2021-08-01 00:32:14 INFO  KiralikStepImp:40 - Ana sayfanın açıldığı kontrol edilidi
2021-08-01 00:32:14 INFO  KiralikStepImp:51 - Açılan pencereden Gömlek Seçildi
2021-08-01 00:32:43 INFO  KiralikStepImp:31 - hepsi sitesi açıldı
2021-08-01 00:32:43 INFO  KiralikStepImp:40 - Ana sayfanın açıldığı kontrol edilidi
2021-08-01 00:32:43 INFO  KiralikStepImp:51 - Açılan pencereden Gömlek Seçildi
2021-08-01 00:38:22 INFO  KiralikStepImp:31 - hepsi sitesi açıldı
2021-08-01 00:38:22 INFO  KiralikStepImp:40 - Ana sayfanın açıldığı kontrol edilidi
2021-08-01 00:38:22 INFO  KiralikStepImp:51 - Açılan pencereden Gömlek Seçildi
2021-08-01 00:59:24 INFO  KiralikStepImp:31 - hepsi sitesi açıldı
2021-08-01 00:59:24 INFO  KiralikStepImp:40 - Ana sayfanın açıldığı kontrol edilidi
2021-08-01 00:59:24 INFO  KiralikStepImp:51 - Açılan pencereden Gömlek Seçildi
2021-08-01 01:27:55 INFO  KiralikStepImp:36 - hepsi sitesi açıldı
2021-08-01 01:27:55 INFO  KiralikStepImp:45 - Ana sayfanın açıldığı kontrol edilidi
2021-08-01 01:27:55 INFO  KiralikStepImp:56 - Açılan pencereden Gömlek Seçildi
2021-08-01 01:28:35 INFO  KiralikStepImp:36 - hepsi sitesi açıldı
2021-08-01 01:28:36 INFO  KiralikStepImp:45 - Ana sayfanın açıldığı kontrol edilidi
2021-08-01 01:28:36 INFO  KiralikStepImp:56 - Açılan pencereden Gömlek Seçildi
2021-08-01 01:32:58 INFO  KiralikStepImp:32 - hepsi sitesi açıldı
2021-08-01 01:32:58 INFO  KiralikStepImp:41 - Ana sayfanın açıldığı kontrol edilidi
2021-08-01 01:32:58 INFO  KiralikStepImp:52 - Açılan pencereden Gömlek Seçildi
2021-08-01 01:36:09 INFO  KiralikStepImp:32 - hepsi sitesi açıldı
2021-08-01 01:36:09 INFO  KiralikStepImp:41 - Ana sayfanın açıldığı kontrol edilidi
2021-08-01 01:36:09 INFO  KiralikStepImp:52 - Açılan pencereden Gömlek Seçildi
2021-08-01 01:36:38 INFO  KiralikStepImp:32 - hepsi sitesi açıldı
2021-08-01 01:36:38 INFO  KiralikStepImp:41 - Ana sayfanın açıldığı kontrol edilidi
2021-08-01 01:36:38 INFO  KiralikStepImp:52 - Açılan pencereden Gömlek Seçildi
2021-08-01 01:40:24 INFO  KiralikStepImp:32 - hepsi sitesi açıldı
2021-08-01 01:40:24 INFO  KiralikStepImp:41 - Ana sayfanın açıldığı kontrol edilidi
2021-08-01 01:40:25 INFO  KiralikStepImp:52 - Açılan pencereden Gömlek Seçildi
2021-08-01 01:41:19 INFO  KiralikStepImp:32 - hepsi sitesi açıldı
2021-08-01 01:41:19 INFO  KiralikStepImp:41 - Ana sayfanın açıldığı kontrol edilidi
2021-08-01 01:41:19 INFO  KiralikStepImp:52 - Açılan pencereden Gömlek Seçildi
2021-08-01 01:45:04 INFO  KiralikStepImp:32 - hepsi sitesi açıldı
2021-08-01 01:45:04 INFO  KiralikStepImp:41 - Ana sayfanın açıldığı kontrol edilidi
2021-08-01 01:45:04 INFO  KiralikStepImp:52 - Açılan pencereden Gömlek Seçildi
2021-08-01 01:45:37 INFO  KiralikStepImp:32 - hepsi sitesi açıldı
2021-08-01 01:45:37 INFO  KiralikStepImp:41 - Ana sayfanın açıldığı kontrol edilidi
2021-08-01 01:45:37 INFO  KiralikStepImp:52 - Açılan pencereden Gömlek Seçildi
2021-08-01 01:48:31 INFO  KiralikStepImp:32 - hepsi sitesi açıldı
2021-08-01 01:48:31 INFO  KiralikStepImp:41 - Ana sayfanın açıldığı kontrol edilidi
2021-08-01 01:48:31 INFO  KiralikStepImp:52 - Açılan pencereden Gömlek Seçildi
2021-08-01 01:53:10 INFO  KiralikStepImp:32 - hepsi sitesi açıldı
2021-08-01 01:53:11 INFO  KiralikStepImp:41 - Ana sayfanın açıldığı kontrol edilidi
2021-08-01 01:53:11 INFO  KiralikStepImp:52 - Açılan pencereden Gömlek Seçildi
2021-08-01 01:55:05 INFO  KiralikStepImp:32 - hepsi sitesi açıldı
2021-08-01 01:55:05 INFO  KiralikStepImp:41 - Ana sayfanın açıldığı kontrol edilidi
2021-08-01 01:55:05 INFO  KiralikStepImp:52 - Açılan pencereden Gömlek Seçildi
2021-08-01 09:09:02 INFO  KiralikStepImp:32 - hepsi sitesi açıldı
2021-08-01 09:09:02 INFO  KiralikStepImp:41 - Ana sayfanın açıldığı kontrol edilidi
2021-08-01 09:09:02 INFO  KiralikStepImp:52 - Açılan pencereden Gömlek Seçildi
2021-08-01 10:30:45 INFO  KiralikStepImp:41 - hepsi sitesi açıldı
2021-08-01 10:30:45 INFO  KiralikStepImp:50 - Ana sayfanın açıldığı kontrol edilidi
2021-08-01 10:30:45 INFO  KiralikStepImp:61 - Açılan pencereden Gömlek Seçildi
2021-08-01 10:32:36 INFO  SatılıkStepImp:40 - hepsi sitesi açıldı
2021-08-01 10:32:36 INFO  SatılıkStepImp:49 - Ana sayfanın açıldığı kontrol edilidi
2021-08-01 10:32:37 INFO  SatılıkStepImp:60 - Açılan pencereden Gömlek Seçildi
2021-08-01 10:32:50 INFO  KiralikStepImp:41 - hepsi sitesi açıldı
2021-08-01 10:32:50 INFO  KiralikStepImp:50 - Ana sayfanın açıldığı kontrol edilidi
2021-08-01 10:32:50 INFO  KiralikStepImp:61 - Açılan pencereden Gömlek Seçildi
2021-08-01 10:56:33 INFO  SatılıkStepImp:40 - hepsi sitesi açıldı
2021-08-01 10:56:33 INFO  SatılıkStepImp:49 - Ana sayfanın açıldığı kontrol edilidi
2021-08-01 10:56:33 INFO  SatılıkStepImp:60 - Açılan pencereden Gömlek Seçildi
2021-08-01 10:56:47 INFO  KiralikStepImp:40 - hepsi sitesi açıldı
2021-08-01 10:56:47 INFO  KiralikStepImp:49 - Ana sayfanın açıldığı kontrol edilidi
2021-08-01 10:56:47 INFO  KiralikStepImp:60 - Açılan pencereden Gömlek Seçildi
2021-08-01 10:58:57 INFO  SatılıkStepImp:40 - hepsi sitesi açıldı
2021-08-01 10:58:57 INFO  SatılıkStepImp:49 - Ana sayfanın açıldığı kontrol edilidi
2021-08-01 10:58:58 INFO  SatılıkStepImp:60 - Açılan pencereden Gömlek Seçildi
2021-08-01 10:59:10 INFO  KiralikStepImp:40 - hepsi sitesi açıldı
2021-08-01 10:59:10 INFO  KiralikStepImp:49 - Ana sayfanın açıldığı kontrol edilidi
2021-08-01 10:59:10 INFO  KiralikStepImp:60 - Açılan pencereden Gömlek Seçildi
2021-08-01 11:01:18 INFO  KiralikStepImp:40 - hepsi sitesi açıldı
2021-08-01 11:01:18 INFO  KiralikStepImp:49 - Ana sayfanın açıldığı kontrol edilidi
2021-08-01 11:01:18 INFO  KiralikStepImp:60 - Açılan pencereden Gömlek Seçildi
2021-08-01 11:03:25 INFO  KiralikStepImp:40 - hepsi sitesi açıldı
2021-08-01 11:03:25 INFO  KiralikStepImp:49 - Ana sayfanın açıldığı kontrol edilidi
2021-08-01 11:03:25 INFO  KiralikStepImp:60 - Açılan pencereden Gömlek Seçildi
2021-08-01 11:05:13 INFO  KiralikStepImp:40 - hepsi sitesi açıldı
2021-08-01 11:05:13 INFO  KiralikStepImp:49 - Ana sayfanın açıldığı kontrol edilidi
2021-08-01 11:05:13 INFO  KiralikStepImp:60 - Açılan pencereden Gömlek Seçildi
2021-08-01 11:10:37 INFO  KiralikStepImp:40 - hepsi sitesi açıldı
2021-08-01 11:10:37 INFO  KiralikStepImp:49 - Ana sayfanın açıldığı kontrol edilidi
2021-08-01 11:10:37 INFO  KiralikStepImp:60 - Açılan pencereden Gömlek Seçildi
2021-08-01 11:10:58 INFO  KiralikStepImp:40 - hepsi sitesi açıldı
2021-08-01 11:10:58 INFO  KiralikStepImp:49 - Ana sayfanın açıldığı kontrol edilidi
2021-08-01 11:10:58 INFO  KiralikStepImp:60 - Açılan pencereden Gömlek Seçildi
2021-08-01 11:12:28 INFO  KiralikStepImp:40 - hepsi sitesi açıldı
2021-08-01 11:12:28 INFO  KiralikStepImp:49 - Ana sayfanın açıldığı kontrol edilidi
2021-08-01 11:12:29 INFO  KiralikStepImp:60 - Açılan pencereden Gömlek Seçildi
2021-08-01 11:35:09 INFO  KiralikStepImp:40 - hepsi sitesi açıldı
2021-08-01 11:35:09 INFO  KiralikStepImp:49 - Ana sayfanın açıldığı kontrol edilidi
2021-08-01 11:35:10 INFO  KiralikStepImp:60 - Açılan pencereden Gömlek Seçildi
2021-08-01 23:02:07 INFO  SatilikStepImp:38 - hepsi sitesi açıldı
2021-08-01 23:02:07 INFO  SatilikStepImp:47 - Ana sayfanın açıldığı kontrol edilidi
2021-08-01 23:02:08 INFO  SatilikStepImp:58 - Açılan pencereden Gömlek Seçildi
2021-08-01 23:04:01 INFO  SatilikStepImp:37 - hepsi sitesi açıldı
2021-08-01 23:04:01 INFO  SatilikStepImp:46 - Ana sayfanın açıldığı kontrol edilidi
2021-08-01 23:04:01 INFO  SatilikStepImp:57 - Açılan pencereden Gömlek Seçildi
2021-08-01 23:06:38 INFO  SatilikStepImp:37 - hepsi sitesi açıldı
2021-08-01 23:06:38 INFO  SatilikStepImp:46 - Ana sayfanın açıldığı kontrol edilidi
2021-08-01 23:06:39 INFO  SatilikStepImp:57 - Açılan pencereden Gömlek Seçildi
2021-08-01 23:06:51 INFO  KiralikStepImp:39 - hepsi sitesi açıldı
2021-08-01 23:06:51 INFO  KiralikStepImp:48 - Ana sayfanın açıldığı kontrol edilidi
2021-08-01 23:06:52 INFO  KiralikStepImp:59 - Açılan pencereden Gömlek Seçildi
2021-08-02 10:19:09 INFO  SatilikStepImp:37 - hepsi sitesi açıldı
2021-08-02 10:19:09 INFO  SatilikStepImp:46 - Ana sayfanın açıldığı kontrol edilidi
2021-08-02 10:19:10 INFO  SatilikStepImp:57 - Açılan pencereden Gömlek Seçildi
2021-08-02 10:19:11 INFO  SatilikStepImp:65 - Ana sayfanın açıldığı kontrol edilidi
2021-08-02 10:20:56 INFO  SatilikStepImp:37 - hepsi sitesi açıldı
2021-08-02 10:20:56 INFO  SatilikStepImp:46 - Ana sayfanın açıldığı kontrol edilidi
2021-08-02 10:20:59 INFO  SatilikStepImp:57 - Açılan pencereden Gömlek Seçildi
2021-08-02 10:21:33 INFO  SatilikStepImp:37 - hepsi sitesi açıldı
2021-08-02 10:21:33 INFO  SatilikStepImp:46 - Ana sayfanın açıldığı kontrol edilidi
2021-08-02 10:21:34 INFO  SatilikStepImp:57 - Açılan pencereden Gömlek Seçildi
2021-08-02 10:24:33 INFO  SatilikStepImp:37 - hepsi sitesi açıldı
2021-08-02 10:24:33 INFO  SatilikStepImp:46 - Ana sayfanın açıldığı kontrol edilidi
2021-08-02 10:24:34 INFO  SatilikStepImp:57 - Açılan pencereden Gömlek Seçildi
2021-08-02 10:28:25 INFO  SatilikStepImp:37 - hepsi sitesi açıldı
2021-08-02 10:28:25 INFO  SatilikStepImp:46 - Ana sayfanın açıldığı kontrol edilidi
2021-08-02 10:28:25 INFO  SatilikStepImp:57 - Açılan pencereden Gömlek Seçildi
2021-08-02 10:28:26 INFO  SatilikStepImp:65 - Ana sayfanın açıldığı kontrol edilidi
2021-08-02 10:43:37 INFO  SatilikStepImp:37 - hepsiemlak sitesi açıldı
2021-08-02 10:43:37 INFO  SatilikStepImp:46 - Ana sayfanın açıldığı kontrol edilidi
2021-08-02 10:43:38 INFO  SatilikStepImp:57 - Münden satılığa tıklanır
2021-08-02 10:44:53 INFO  SatilikStepImp:37 - hepsiemlak sitesi açıldı
2021-08-02 10:44:53 INFO  SatilikStepImp:46 - Ana sayfanın açıldığı kontrol edilidi
2021-08-02 10:44:54 INFO  SatilikStepImp:57 - Münden satılığa tıklanır
2021-08-02 10:44:55 INFO  SatilikStepImp:66 - Satılık sayfasının  açıldığı kontrol edilidi
2021-08-02 10:44:56 INFO  SatilikStepImp:78 - Il seçildi 
2021-08-02 10:44:57 INFO  SatilikStepImp:101 - Ilçeler seçildi 
2021-08-02 10:44:58 INFO  SatilikStepImp:111 - Kategori seçildi 
2021-08-02 10:46:19 INFO  SatilikStepImp:37 - hepsiemlak sitesi açıldı
2021-08-02 10:46:19 INFO  SatilikStepImp:46 - Ana sayfanın açıldığı kontrol edilidi
2021-08-02 10:46:20 INFO  SatilikStepImp:57 - Münden satılığa tıklanır
2021-08-02 10:48:39 INFO  SatilikStepImp:37 - hepsiemlak sitesi açıldı
2021-08-02 10:48:39 INFO  SatilikStepImp:46 - Ana sayfanın açıldığı kontrol edilidi
2021-08-02 10:48:40 INFO  SatilikStepImp:57 - Münden satılığa tıklanır
2021-08-02 11:44:31 INFO  SatilikStepImp:37 - hepsiemlak sitesi açıldı
2021-08-02 11:44:31 INFO  SatilikStepImp:46 - Ana sayfanın açıldığı kontrol edilidi
2021-08-02 11:44:31 INFO  SatilikStepImp:57 - Münden satılığa tıklanır
2021-08-02 11:44:32 INFO  SatilikStepImp:66 - Satılık sayfasının  açıldığı kontrol edilidi
2021-08-02 11:44:33 INFO  SatilikStepImp:78 - Il seçildi 
2021-08-02 11:44:34 INFO  SatilikStepImp:101 - Ilçeler seçildi 
2021-08-02 11:44:34 INFO  SatilikStepImp:111 - Kategori seçildi 
2021-08-02 11:44:35 INFO  SatilikStepImp:119 - En Az fiyat girildi 
2021-08-02 11:44:35 INFO  SatilikStepImp:127 - En Çok fiyat girildi 
2021-08-02 11:44:36 INFO  SatilikStepImp:143 - Bina yaşları seçildi 
2021-08-02 11:44:38 INFO  SatilikStepImp:151 - Ara button'una tıklandı
2021-08-02 11:45:06 INFO  SatilikStepImp:37 - hepsiemlak sitesi açıldı
2021-08-02 11:45:06 INFO  SatilikStepImp:46 - Ana sayfanın açıldığı kontrol edilidi
2021-08-02 11:45:06 INFO  SatilikStepImp:57 - Münden satılığa tıklanır
2021-08-02 11:45:07 INFO  SatilikStepImp:66 - Satılık sayfasının  açıldığı kontrol edilidi
2021-08-02 11:45:08 INFO  SatilikStepImp:78 - Il seçildi 
2021-08-02 11:45:09 INFO  SatilikStepImp:101 - Ilçeler seçildi 
2021-08-02 11:45:09 INFO  SatilikStepImp:111 - Kategori seçildi 
2021-08-02 11:45:10 INFO  SatilikStepImp:119 - En Az fiyat girildi 
2021-08-02 11:45:10 INFO  SatilikStepImp:127 - En Çok fiyat girildi 
2021-08-02 11:45:11 INFO  SatilikStepImp:143 - Bina yaşları seçildi 
2021-08-02 11:45:13 INFO  SatilikStepImp:151 - Ara button'una tıklandı
2021-08-02 11:47:31 INFO  KiralikStepImp:39 - hepsi sitesi açıldı
2021-08-02 11:47:31 INFO  KiralikStepImp:48 - Ana sayfanın açıldığı kontrol edilidi
2021-08-02 11:47:32 INFO  KiralikStepImp:59 - Açılan pencereden Gömlek Seçildi
2021-08-02 12:00:17 INFO  KiralikStepImp:39 - hepsi sitesi açıldı
2021-08-02 12:00:17 INFO  KiralikStepImp:48 - Ana sayfanın açıldığı kontrol edilidi
2021-08-02 12:00:17 INFO  KiralikStepImp:59 - Kiralık sayfasına gidilidi
2021-08-02 12:01:57 INFO  KiralikStepImp:39 - hepsi sitesi açıldı
2021-08-02 12:01:57 INFO  KiralikStepImp:48 - Ana sayfanın açıldığı kontrol edilidi
2021-08-02 12:01:57 INFO  KiralikStepImp:59 - Kiralık sayfasına gidilidi
2021-08-02 12:03:23 INFO  KiralikStepImp:39 - hepsi sitesi açıldı
2021-08-02 12:03:23 INFO  KiralikStepImp:48 - Ana sayfanın açıldığı kontrol edilidi
2021-08-02 12:03:23 INFO  KiralikStepImp:59 - Kiralık sayfasına gidilidi
2021-08-02 12:03:24 INFO  KiralikStepImp:68 - Ana sayfanın açıldığı kontrol edilidi
2021-08-02 12:03:57 INFO  KiralikStepImp:39 - hepsi sitesi açıldı
2021-08-02 12:03:57 INFO  KiralikStepImp:48 - Ana sayfanın açıldığı kontrol edilidi
2021-08-02 12:03:57 INFO  KiralikStepImp:59 - Kiralık sayfasına gidilidi
2021-08-02 12:03:58 INFO  KiralikStepImp:67 - Ana sayfanın açıldığı kontrol edilidi
